<?xml version="1.0" encoding="UTF-8"?>
<testng-results ignored="0" total="1" passed="1" failed="0" skipped="0">
  <reporter-output>
  </reporter-output>
  <suite started-at="2022-07-23T15:40:19Z" name="Default suite" finished-at="2022-07-23T15:40:24Z" duration-ms="4214">
    <groups>
    </groups>
    <test started-at="2022-07-23T15:40:19Z" name="Default test" finished-at="2022-07-23T15:40:24Z" duration-ms="4214">
      <class name="loginTest.TC_06_LoginExcel">
        <test-method is-config="true" signature="startWebDriver()[pri:0, instance:loginTest.TC_06_LoginExcel@4cd1c1dc]" started-at="2022-07-23T10:40:19Z" name="startWebDriver" finished-at="2022-07-23T10:40:21Z" duration-ms="1266" status="PASS">
          <reporter-output>
          </reporter-output>
        </test-method> <!-- startWebDriver -->
        <test-method signature="TC_06()[pri:0, instance:loginTest.TC_06_LoginExcel@4cd1c1dc]" started-at="2022-07-23T10:40:21Z" name="TC_06" finished-at="2022-07-23T10:40:23Z" duration-ms="2647" status="PASS">
          <reporter-output>
          </reporter-output>
        </test-method> <!-- TC_06 -->
        <test-method is-config="true" signature="closeDriver()[pri:0, instance:loginTest.TC_06_LoginExcel@4cd1c1dc]" started-at="2022-07-23T10:40:23Z" name="closeDriver" finished-at="2022-07-23T10:40:24Z" duration-ms="293" status="PASS">
          <reporter-output>
          </reporter-output>
        </test-method> <!-- closeDriver -->
      </class> <!-- loginTest.TC_06_LoginExcel -->
    </test> <!-- Default test -->
  </suite> <!-- Default suite -->
</testng-results>
